{"total": {"lines":{"total":2490,"covered":1139,"skipped":0,"pct":45.74},"statements":{"total":2490,"covered":1139,"skipped":0,"pct":45.74},"functions":{"total":51,"covered":38,"skipped":0,"pct":74.5},"branches":{"total":326,"covered":241,"skipped":0,"pct":73.92},"branchesTrue":{"total":0,"covered":0,"skipped":0,"pct":100}}
,"C:\\Users\\yuta\\Documents\\har\\HARlytics\\src\\lib\\CookieTable.svelte": {"lines":{"total":60,"covered":60,"skipped":0,"pct":100},"functions":{"total":2,"covered":2,"skipped":0,"pct":100},"statements":{"total":60,"covered":60,"skipped":0,"pct":100},"branches":{"total":11,"covered":6,"skipped":0,"pct":54.54}}
,"C:\\Users\\yuta\\Documents\\har\\HARlytics\\src\\lib\\EntryDetailTable.svelte": {"lines":{"total":252,"covered":0,"skipped":0,"pct":0},"functions":{"total":1,"covered":0,"skipped":0,"pct":0},"statements":{"total":252,"covered":0,"skipped":0,"pct":0},"branches":{"total":1,"covered":0,"skipped":0,"pct":0}}
,"C:\\Users\\yuta\\Documents\\har\\HARlytics\\src\\lib\\EntryRow_general.svelte": {"lines":{"total":365,"covered":365,"skipped":0,"pct":100},"functions":{"total":7,"covered":3,"skipped":0,"pct":42.85},"statements":{"total":365,"covered":365,"skipped":0,"pct":100},"branches":{"total":66,"covered":14,"skipped":0,"pct":21.21}}
,"C:\\Users\\yuta\\Documents\\har\\HARlytics\\src\\lib\\FileUpload.svelte": {"lines":{"total":8,"covered":8,"skipped":0,"pct":100},"functions":{"total":0,"covered":0,"skipped":0,"pct":100},"statements":{"total":8,"covered":8,"skipped":0,"pct":100},"branches":{"total":0,"covered":0,"skipped":0,"pct":100}}
,"C:\\Users\\yuta\\Documents\\har\\HARlytics\\src\\lib\\WaterfallBar.svelte": {"lines":{"total":106,"covered":106,"skipped":0,"pct":100},"functions":{"total":0,"covered":0,"skipped":0,"pct":100},"statements":{"total":106,"covered":106,"skipped":0,"pct":100},"branches":{"total":24,"covered":20,"skipped":0,"pct":83.33}}
,"C:\\Users\\yuta\\Documents\\har\\HARlytics\\src\\lib\\chartUtils.js": {"lines":{"total":46,"covered":46,"skipped":0,"pct":100},"functions":{"total":2,"covered":2,"skipped":0,"pct":100},"statements":{"total":46,"covered":46,"skipped":0,"pct":100},"branches":{"total":19,"covered":19,"skipped":0,"pct":100}}
,"C:\\Users\\yuta\\Documents\\har\\HARlytics\\src\\lib\\constants.js": {"lines":{"total":22,"covered":22,"skipped":0,"pct":100},"functions":{"total":0,"covered":0,"skipped":0,"pct":100},"statements":{"total":22,"covered":22,"skipped":0,"pct":100},"branches":{"total":0,"covered":0,"skipped":0,"pct":100}}
,"C:\\Users\\yuta\\Documents\\har\\HARlytics\\src\\lib\\sequenceDiagramGenerator.js": {"lines":{"total":258,"covered":218,"skipped":0,"pct":84.49},"functions":{"total":16,"covered":15,"skipped":0,"pct":93.75},"statements":{"total":258,"covered":218,"skipped":0,"pct":84.49},"branches":{"total":79,"covered":70,"skipped":0,"pct":88.6}}
,"C:\\Users\\yuta\\Documents\\har\\HARlytics\\src\\lib\\utils.js": {"lines":{"total":406,"covered":314,"skipped":0,"pct":77.33},"functions":{"total":19,"covered":16,"skipped":0,"pct":84.21},"statements":{"total":406,"covered":314,"skipped":0,"pct":77.33},"branches":{"total":122,"covered":112,"skipped":0,"pct":91.8}}
,"C:\\Users\\yuta\\Documents\\har\\HARlytics\\src\\lib\\components\\FilterInput.svelte": {"lines":{"total":21,"covered":0,"skipped":0,"pct":0},"functions":{"total":1,"covered":0,"skipped":0,"pct":0},"statements":{"total":21,"covered":0,"skipped":0,"pct":0},"branches":{"total":1,"covered":0,"skipped":0,"pct":0}}
,"C:\\Users\\yuta\\Documents\\har\\HARlytics\\src\\lib\\components\\PieChart.svelte": {"lines":{"total":82,"covered":0,"skipped":0,"pct":0},"functions":{"total":1,"covered":0,"skipped":0,"pct":0},"statements":{"total":82,"covered":0,"skipped":0,"pct":0},"branches":{"total":1,"covered":0,"skipped":0,"pct":0}}
,"C:\\Users\\yuta\\Documents\\har\\HARlytics\\src\\routes\\+layout.svelte": {"lines":{"total":66,"covered":0,"skipped":0,"pct":0},"functions":{"total":1,"covered":0,"skipped":0,"pct":0},"statements":{"total":66,"covered":0,"skipped":0,"pct":0},"branches":{"total":1,"covered":0,"skipped":0,"pct":0}}
,"C:\\Users\\yuta\\Documents\\har\\HARlytics\\src\\routes\\+page.svelte": {"lines":{"total":798,"covered":0,"skipped":0,"pct":0},"functions":{"total":1,"covered":0,"skipped":0,"pct":0},"statements":{"total":798,"covered":0,"skipped":0,"pct":0},"branches":{"total":1,"covered":0,"skipped":0,"pct":0}}
}
